[usage-of-variables]> rm -rf _builds

[usage-of-variables]> cmake -Hcache-vs-regular -B_builds
-- The C compiler identification is GNU 4.8.4
-- The CXX compiler identification is GNU 4.8.4
-- Check for working C compiler: /usr/bin/cc
-- Check for working C compiler: /usr/bin/cc -- works
-- Detecting C compiler ABI info
-- Detecting C compiler ABI info - done
-- Detecting C compile features
-- Detecting C compile features - done
-- Check for working CXX compiler: /usr/bin/c++
-- Check for working CXX compiler: /usr/bin/c++ -- works
-- Detecting CXX compiler ABI info
-- Detecting CXX compiler ABI info - done
-- Detecting CXX compile features
-- Detecting CXX compile features - done
Regular variable (before):
Cache variable (before):
Regular variable (after): 123
Cache variable (after): 321
-- Configuring done
-- Generating done
-- Build files have been written to: /.../usage-of-variables/_builds

[usage-of-variables]> cmake -Hcache-vs-regular -B_builds
Regular variable (before):
Cache variable (before): 321
Regular variable (after): 123
Cache variable (after): 321
-- Configuring done
-- Generating done
-- Build files have been written to: /.../usage-of-variables/_builds
